c:\users\paul\source\repos\opengl_proj\debug\vc141.pdb
c:\users\paul\source\repos\opengl_proj\debug\vc141.idb
c:\users\paul\source\repos\opengl_proj\debug\glad.obj
c:\users\paul\source\repos\opengl_proj\debug\vertexarray.obj
c:\users\paul\source\repos\opengl_proj\debug\glbuffer.obj
c:\users\paul\source\repos\opengl_proj\debug\shaderprogram.obj
c:\users\paul\source\repos\opengl_proj\debug\main.obj
c:\users\paul\source\repos\opengl_proj\debug\temp.obj
c:\users\paul\source\repos\opengl_proj\debug\vbo.obj
c:\users\paul\source\repos\opengl_proj\debug\vao.obj
c:\users\paul\source\repos\opengl_proj\debug\ebo.obj
c:\users\paul\source\repos\opengl_proj\debug\shaderclass.obj
c:\users\paul\source\repos\debug\opengl_proj.exe
c:\users\paul\source\repos\debug\opengl_proj.ilk
c:\users\paul\source\repos\debug\opengl_proj.pdb
c:\users\paul\source\repos\opengl_proj\debug\opengl_proj.tlog\cl.command.1.tlog
c:\users\paul\source\repos\opengl_proj\debug\opengl_proj.tlog\cl.read.1.tlog
c:\users\paul\source\repos\opengl_proj\debug\opengl_proj.tlog\cl.write.1.tlog
c:\users\paul\source\repos\opengl_proj\debug\opengl_proj.tlog\link.14980-cvtres.read.1.tlog
c:\users\paul\source\repos\opengl_proj\debug\opengl_proj.tlog\link.14980-cvtres.write.1.tlog
c:\users\paul\source\repos\opengl_proj\debug\opengl_proj.tlog\link.14980-rc.read.1.tlog
c:\users\paul\source\repos\opengl_proj\debug\opengl_proj.tlog\link.14980-rc.write.1.tlog
c:\users\paul\source\repos\opengl_proj\debug\opengl_proj.tlog\link.14980.read.1.tlog
c:\users\paul\source\repos\opengl_proj\debug\opengl_proj.tlog\link.14980.write.1.tlog
c:\users\paul\source\repos\opengl_proj\debug\opengl_proj.tlog\link.command.1.tlog
c:\users\paul\source\repos\opengl_proj\debug\opengl_proj.tlog\link.read.1.tlog
c:\users\paul\source\repos\opengl_proj\debug\opengl_proj.tlog\link.write.1.tlog
